This file contains any messages produced by compilers while
running configure, to aid debugging if configure makes a mistake.

It was created by OpenMAX Bellagio configure 0.9.3, which was
generated by GNU Autoconf 2.68.  Invocation command line was

  $ ./configure --no-create --no-recursion

## --------- ##
## Platform. ##
## --------- ##

hostname = ubuntu
uname -m = i686
uname -r = 3.0.0-12-generic
uname -s = Linux
uname -v = #20-Ubuntu SMP Fri Oct 7 14:50:42 UTC 2011

/usr/bin/uname -p = unknown
/bin/uname -X     = unknown

/bin/arch              = i686
/usr/bin/arch -k       = unknown
/usr/convex/getsysinfo = unknown
/usr/bin/hostinfo      = unknown
/bin/machine           = unknown
/usr/bin/oslevel       = unknown
/bin/universe          = unknown

PATH: /sdk/fsroot/bin
PATH: /sdk/fsroot/usr/bin
PATH: /sdk/fsroot/sbin
PATH: /sdk/build_dest/bin
PATH: /sdk/build_dest/usr/bin
PATH: /sdk/build_dest/sbin
PATH: /bin
PATH: /usr/bin
PATH: /sbin
PATH: /usr/sbin
PATH: /sdk/addpack/usr/bin
PATH: /sdk/addpack/usr/sbin


## ----------- ##
## Core tests. ##
## ----------- ##

configure:2587: checking for a BSD-compatible install
configure:2655: result: /usr/bin/install -c
configure:2666: checking whether build environment is sane
configure:2716: result: yes
configure:2857: checking for a thread-safe mkdir -p
configure:2896: result: /bin/mkdir -p
configure:2909: checking for gawk
configure:2925: found /usr/bin/gawk
configure:2936: result: gawk
configure:2947: checking whether make sets $(MAKE)
configure:2969: result: yes
configure:3212: checking for g++
configure:3228: found /usr/bin/g++
configure:3239: result: g++
configure:3266: checking for C++ compiler version
configure:3275: g++ --version >&5
g++ (GCC) 4.5.2
Copyright (C) 2010 Free Software Foundation, Inc.
This is free software; see the source for copying conditions.  There is NO
warranty; not even for MERCHANTABILITY or FITNESS FOR A PARTICULAR PURPOSE.

configure:3286: $? = 0
configure:3275: g++ -v >&5
Using built-in specs.
COLLECT_GCC=g++
COLLECT_LTO_WRAPPER=/usr/lib/gcc/i686-pc-linux-gnu/4.5.2/lto-wrapper
Target: i686-pc-linux-gnu
Configured with: ../gcc-4.5.2/configure --prefix=/usr --libexecdir=/usr/lib --enable-shared --enable-threads=posix --enable-__cxa_atexit --enable-clocale=gnu --enable-languages=c,c++ --disable-multilib --disable-bootstrap --with-system-zlib
Thread model: posix
gcc version 4.5.2 (GCC) 
configure:3286: $? = 0
configure:3275: g++ -V >&5
g++: '-V' option must have argument
configure:3286: $? = 1
configure:3275: g++ -qversion >&5
g++: unrecognized option '-qversion'
g++: no input files
configure:3286: $? = 1
configure:3306: checking whether the C++ compiler works
configure:3328: g++    conftest.cpp  >&5
configure:3332: $? = 0
configure:3380: result: yes
configure:3383: checking for C++ compiler default output file name
configure:3385: result: a.out
configure:3391: checking for suffix of executables
configure:3398: g++ -o conftest    conftest.cpp  >&5
configure:3402: $? = 0
configure:3424: result: 
configure:3446: checking whether we are cross compiling
configure:3454: g++ -o conftest    conftest.cpp  >&5
configure:3458: $? = 0
configure:3465: ./conftest
configure:3469: $? = 0
configure:3484: result: no
configure:3489: checking for suffix of object files
configure:3511: g++ -c   conftest.cpp >&5
configure:3515: $? = 0
configure:3536: result: o
configure:3540: checking whether we are using the GNU C++ compiler
configure:3559: g++ -c   conftest.cpp >&5
configure:3559: $? = 0
configure:3568: result: yes
configure:3577: checking whether g++ accepts -g
configure:3597: g++ -c -g  conftest.cpp >&5
configure:3597: $? = 0
configure:3638: result: yes
configure:3672: checking for style of include used by make
configure:3700: result: GNU
configure:3725: checking dependency style of g++
configure:3835: result: gcc3
configure:3898: checking for gcc
configure:3914: found /usr/bin/gcc
configure:3925: result: gcc
configure:4154: checking for C compiler version
configure:4163: gcc --version >&5
gcc (GCC) 4.5.2
Copyright (C) 2010 Free Software Foundation, Inc.
This is free software; see the source for copying conditions.  There is NO
warranty; not even for MERCHANTABILITY or FITNESS FOR A PARTICULAR PURPOSE.

configure:4174: $? = 0
configure:4163: gcc -v >&5
Using built-in specs.
COLLECT_GCC=gcc
COLLECT_LTO_WRAPPER=/usr/lib/gcc/i686-pc-linux-gnu/4.5.2/lto-wrapper
Target: i686-pc-linux-gnu
Configured with: ../gcc-4.5.2/configure --prefix=/usr --libexecdir=/usr/lib --enable-shared --enable-threads=posix --enable-__cxa_atexit --enable-clocale=gnu --enable-languages=c,c++ --disable-multilib --disable-bootstrap --with-system-zlib
Thread model: posix
gcc version 4.5.2 (GCC) 
configure:4174: $? = 0
configure:4163: gcc -V >&5
gcc: '-V' option must have argument
configure:4174: $? = 1
configure:4163: gcc -qversion >&5
gcc: unrecognized option '-qversion'
gcc: no input files
configure:4174: $? = 1
configure:4178: checking whether we are using the GNU C compiler
configure:4197: gcc -c  -Wall -Werror  conftest.c >&5
configure:4197: $? = 0
configure:4206: result: yes
configure:4215: checking whether gcc accepts -g
configure:4235: gcc -c -g  conftest.c >&5
configure:4235: $? = 0
configure:4276: result: yes
configure:4293: checking for gcc option to accept ISO C89
configure:4357: gcc  -c  -Wall -Werror  conftest.c >&5
configure:4357: $? = 0
configure:4370: result: none needed
configure:4392: checking dependency style of gcc
configure:4502: result: gcc3
configure:4518: checking whether gcc and cc understand -c and -o together
configure:4549: gcc -c conftest.c -o conftest2.o >&5
configure:4553: $? = 0
configure:4559: gcc -c conftest.c -o conftest2.o >&5
configure:4563: $? = 0
configure:4574: cc -c conftest.c >&5
configure:4578: $? = 0
configure:4586: cc -c conftest.c -o conftest2.o >&5
configure:4590: $? = 0
configure:4596: cc -c conftest.c -o conftest2.o >&5
configure:4600: $? = 0
configure:4618: result: yes
configure:4648: checking how to run the C preprocessor
configure:4679: gcc -E  conftest.c
configure:4679: $? = 0
configure:4693: gcc -E  conftest.c
conftest.c:11:28: fatal error: ac_nonexistent.h: No such file or directory
compilation terminated.
configure:4693: $? = 1
configure: failed program was:
| /* confdefs.h */
| #define PACKAGE_NAME "OpenMAX Bellagio"
| #define PACKAGE_TARNAME "libomxil-bellagio"
| #define PACKAGE_VERSION "0.9.3"
| #define PACKAGE_STRING "OpenMAX Bellagio 0.9.3"
| #define PACKAGE_BUGREPORT "giulio.urlini@st.com"
| #define PACKAGE_URL ""
| #define PACKAGE "libomxil-bellagio"
| #define VERSION "0.9.3"
| /* end confdefs.h.  */
| #include <ac_nonexistent.h>
configure:4718: result: gcc -E
configure:4738: gcc -E  conftest.c
configure:4738: $? = 0
configure:4752: gcc -E  conftest.c
conftest.c:11:28: fatal error: ac_nonexistent.h: No such file or directory
compilation terminated.
configure:4752: $? = 1
configure: failed program was:
| /* confdefs.h */
| #define PACKAGE_NAME "OpenMAX Bellagio"
| #define PACKAGE_TARNAME "libomxil-bellagio"
| #define PACKAGE_VERSION "0.9.3"
| #define PACKAGE_STRING "OpenMAX Bellagio 0.9.3"
| #define PACKAGE_BUGREPORT "giulio.urlini@st.com"
| #define PACKAGE_URL ""
| #define PACKAGE "libomxil-bellagio"
| #define VERSION "0.9.3"
| /* end confdefs.h.  */
| #include <ac_nonexistent.h>
configure:4781: checking whether ln -s works
configure:4785: result: yes
configure:4792: checking whether make sets $(MAKE)
configure:4814: result: yes
configure:4854: checking build system type
configure:4868: result: i686-pc-linux-gnu
configure:4888: checking host system type
configure:4901: result: i686-pc-linux-gnu
configure:4921: checking for a sed that does not truncate output
configure:4985: result: /bin/sed
configure:5003: checking for grep that handles long lines and -e
configure:5061: result: /bin/grep
configure:5066: checking for egrep
configure:5128: result: /bin/grep -E
configure:5133: checking for fgrep
configure:5195: result: /bin/grep -F
configure:5230: checking for ld used by gcc
configure:5297: result: /usr/bin/ld
configure:5304: checking if the linker (/usr/bin/ld) is GNU ld
configure:5319: result: yes
configure:5331: checking for BSD- or MS-compatible name lister (nm)
configure:5380: result: /usr/bin/nm -B
configure:5498: checking the name lister (/usr/bin/nm -B) interface
configure:5505: gcc -c  -Wall -Werror  conftest.c >&5
configure:5508: /usr/bin/nm -B "conftest.o"
configure:5511: output
00000000 B some_variable
configure:5518: result: BSD nm
configure:5522: checking the maximum length of command line arguments
configure:5642: result: 1572864
configure:5659: checking whether the shell understands some XSI constructs
configure:5669: result: yes
configure:5673: checking whether the shell understands "+="
configure:5679: result: yes
configure:5714: checking for /usr/bin/ld option to reload object files
configure:5721: result: -r
configure:5790: checking for objdump
configure:5806: found /usr/bin/objdump
configure:5817: result: objdump
configure:5849: checking how to recognize dependent libraries
configure:6045: result: pass_all
configure:6105: checking for ar
configure:6121: found /usr/bin/ar
configure:6132: result: ar
configure:6210: checking for strip
configure:6226: found /usr/bin/strip
configure:6237: result: strip
configure:6309: checking for ranlib
configure:6325: found /usr/bin/ranlib
configure:6336: result: ranlib
configure:6426: checking command to parse /usr/bin/nm -B output from gcc object
configure:6544: gcc -c  -Wall -Werror  conftest.c >&5
configure:6547: $? = 0
configure:6551: /usr/bin/nm -B conftest.o \| sed -n -e 's/^.*[	 ]\([ABCDGIRSTW][ABCDGIRSTW]*\)[	 ][	 ]*\([_A-Za-z][_A-Za-z0-9]*\)$/\1 \2 \2/p' \> conftest.nm
configure:6554: $? = 0
configure:6608: gcc -o conftest  -Wall -Werror   conftest.c conftstm.o >&5
configure:6611: $? = 0
configure:6649: result: ok
configure:7454: checking for ANSI C header files
configure:7474: gcc -c  -Wall -Werror  conftest.c >&5
configure:7474: $? = 0
configure:7547: gcc -o conftest  -Wall -Werror   conftest.c  >&5
configure:7547: $? = 0
configure:7547: ./conftest
configure:7547: $? = 0
configure:7558: result: yes
configure:7571: checking for sys/types.h
configure:7571: gcc -c  -Wall -Werror  conftest.c >&5
configure:7571: $? = 0
configure:7571: result: yes
configure:7571: checking for sys/stat.h
configure:7571: gcc -c  -Wall -Werror  conftest.c >&5
configure:7571: $? = 0
configure:7571: result: yes
configure:7571: checking for stdlib.h
configure:7571: gcc -c  -Wall -Werror  conftest.c >&5
configure:7571: $? = 0
configure:7571: result: yes
configure:7571: checking for string.h
configure:7571: gcc -c  -Wall -Werror  conftest.c >&5
configure:7571: $? = 0
configure:7571: result: yes
configure:7571: checking for memory.h
configure:7571: gcc -c  -Wall -Werror  conftest.c >&5
configure:7571: $? = 0
configure:7571: result: yes
configure:7571: checking for strings.h
configure:7571: gcc -c  -Wall -Werror  conftest.c >&5
configure:7571: $? = 0
configure:7571: result: yes
configure:7571: checking for inttypes.h
configure:7571: gcc -c  -Wall -Werror  conftest.c >&5
configure:7571: $? = 0
configure:7571: result: yes
configure:7571: checking for stdint.h
configure:7571: gcc -c  -Wall -Werror  conftest.c >&5
configure:7571: $? = 0
configure:7571: result: yes
configure:7571: checking for unistd.h
configure:7571: gcc -c  -Wall -Werror  conftest.c >&5
configure:7571: $? = 0
configure:7571: result: yes
configure:7585: checking for dlfcn.h
configure:7585: gcc -c  -Wall -Werror  conftest.c >&5
configure:7585: $? = 0
configure:7585: result: yes
configure:7710: checking for C++ compiler version
configure:7719: g++ --version >&5
g++ (GCC) 4.5.2
Copyright (C) 2010 Free Software Foundation, Inc.
This is free software; see the source for copying conditions.  There is NO
warranty; not even for MERCHANTABILITY or FITNESS FOR A PARTICULAR PURPOSE.

configure:7730: $? = 0
configure:7719: g++ -v >&5
Using built-in specs.
COLLECT_GCC=g++
COLLECT_LTO_WRAPPER=/usr/lib/gcc/i686-pc-linux-gnu/4.5.2/lto-wrapper
Target: i686-pc-linux-gnu
Configured with: ../gcc-4.5.2/configure --prefix=/usr --libexecdir=/usr/lib --enable-shared --enable-threads=posix --enable-__cxa_atexit --enable-clocale=gnu --enable-languages=c,c++ --disable-multilib --disable-bootstrap --with-system-zlib
Thread model: posix
gcc version 4.5.2 (GCC) 
configure:7730: $? = 0
configure:7719: g++ -V >&5
g++: '-V' option must have argument
configure:7730: $? = 1
configure:7719: g++ -qversion >&5
g++: unrecognized option '-qversion'
g++: no input files
configure:7730: $? = 1
configure:7734: checking whether we are using the GNU C++ compiler
configure:7762: result: yes
configure:7771: checking whether g++ accepts -g
configure:7832: result: yes
configure:7857: checking dependency style of g++
configure:7967: result: gcc3
configure:7990: checking how to run the C++ preprocessor
configure:8017: g++ -E  conftest.cpp
configure:8017: $? = 0
configure:8031: g++ -E  conftest.cpp
conftest.cpp:22:28: fatal error: ac_nonexistent.h: No such file or directory
compilation terminated.
configure:8031: $? = 1
configure: failed program was:
| /* confdefs.h */
| #define PACKAGE_NAME "OpenMAX Bellagio"
| #define PACKAGE_TARNAME "libomxil-bellagio"
| #define PACKAGE_VERSION "0.9.3"
| #define PACKAGE_STRING "OpenMAX Bellagio 0.9.3"
| #define PACKAGE_BUGREPORT "giulio.urlini@st.com"
| #define PACKAGE_URL ""
| #define PACKAGE "libomxil-bellagio"
| #define VERSION "0.9.3"
| #define STDC_HEADERS 1
| #define HAVE_SYS_TYPES_H 1
| #define HAVE_SYS_STAT_H 1
| #define HAVE_STDLIB_H 1
| #define HAVE_STRING_H 1
| #define HAVE_MEMORY_H 1
| #define HAVE_STRINGS_H 1
| #define HAVE_INTTYPES_H 1
| #define HAVE_STDINT_H 1
| #define HAVE_UNISTD_H 1
| #define HAVE_DLFCN_H 1
| /* end confdefs.h.  */
| #include <ac_nonexistent.h>
configure:8056: result: g++ -E
configure:8076: g++ -E  conftest.cpp
configure:8076: $? = 0
configure:8090: g++ -E  conftest.cpp
conftest.cpp:22:28: fatal error: ac_nonexistent.h: No such file or directory
compilation terminated.
configure:8090: $? = 1
configure: failed program was:
| /* confdefs.h */
| #define PACKAGE_NAME "OpenMAX Bellagio"
| #define PACKAGE_TARNAME "libomxil-bellagio"
| #define PACKAGE_VERSION "0.9.3"
| #define PACKAGE_STRING "OpenMAX Bellagio 0.9.3"
| #define PACKAGE_BUGREPORT "giulio.urlini@st.com"
| #define PACKAGE_URL ""
| #define PACKAGE "libomxil-bellagio"
| #define VERSION "0.9.3"
| #define STDC_HEADERS 1
| #define HAVE_SYS_TYPES_H 1
| #define HAVE_SYS_STAT_H 1
| #define HAVE_STDLIB_H 1
| #define HAVE_STRING_H 1
| #define HAVE_MEMORY_H 1
| #define HAVE_STRINGS_H 1
| #define HAVE_INTTYPES_H 1
| #define HAVE_STDINT_H 1
| #define HAVE_UNISTD_H 1
| #define HAVE_DLFCN_H 1
| /* end confdefs.h.  */
| #include <ac_nonexistent.h>
configure:8296: checking for objdir
configure:8311: result: .libs
configure:8607: checking if gcc supports -fno-rtti -fno-exceptions
configure:8625: gcc -c  -Wall -Werror  -fno-rtti -fno-exceptions conftest.c >&5
cc1: warnings being treated as errors
cc1: error: command line option "-fno-rtti" is valid for C++/ObjC++ but not for C
configure:8629: $? = 1
configure:8642: result: no
configure:8662: checking for gcc option to produce PIC
configure:8934: result: -fPIC -DPIC
configure:8946: checking if gcc PIC flag -fPIC -DPIC works
configure:8964: gcc -c  -Wall -Werror  -fPIC -DPIC -DPIC conftest.c >&5
configure:8968: $? = 0
configure:8981: result: yes
configure:9005: checking if gcc static flag -static works
configure:9033: result: yes
configure:9048: checking if gcc supports -c -o file.o
configure:9069: gcc -c  -Wall -Werror  -o out/conftest2.o conftest.c >&5
configure:9073: $? = 0
configure:9095: result: yes
configure:9103: checking if gcc supports -c -o file.o
configure:9150: result: yes
configure:9183: checking whether the gcc linker (/usr/bin/ld) supports shared libraries
configure:10174: result: yes
configure:10211: checking whether -lc should be explicitly linked in
configure:10216: gcc -c  -Wall -Werror  conftest.c >&5
configure:10219: $? = 0
configure:10234: gcc -shared conftest.o  -v -Wl,-soname -Wl,conftest -o conftest 2\>\&1 \| /bin/grep  -lc  \>/dev/null 2\>\&1
configure:10237: $? = 0
configure:10249: result: no
configure:10413: checking dynamic linker characteristics
configure:10846: gcc -o conftest  -Wall -Werror   -Wl,-rpath -Wl,/foo conftest.c  >&5
configure:10846: $? = 0
configure:11076: result: GNU/Linux ld.so
configure:11178: checking how to hardcode library paths into programs
configure:11203: result: immediate
configure:11723: checking whether stripping libraries is possible
configure:11728: result: yes
configure:11763: checking if libtool supports shared libraries
configure:11765: result: yes
configure:11768: checking whether to build shared libraries
configure:11789: result: yes
configure:11792: checking whether to build static libraries
configure:11796: result: yes
configure:11946: checking for ld used by g++
configure:12013: result: /usr/bin/ld
configure:12020: checking if the linker (/usr/bin/ld) is GNU ld
configure:12035: result: yes
configure:12090: checking whether the g++ linker (/usr/bin/ld) supports shared libraries
configure:13003: result: yes
configure:13031: g++ -c -g -O2  conftest.cpp >&5
configure:13034: $? = 0
configure:13216: checking for g++ option to produce PIC
configure:13533: result: -fPIC -DPIC
configure:13542: checking if g++ PIC flag -fPIC -DPIC works
configure:13560: g++ -c -g -O2  -fPIC -DPIC -DPIC conftest.cpp >&5
configure:13564: $? = 0
configure:13577: result: yes
configure:13598: checking if g++ static flag -static works
configure:13626: result: yes
configure:13638: checking if g++ supports -c -o file.o
configure:13659: g++ -c -g -O2  -o out/conftest2.o conftest.cpp >&5
configure:13663: $? = 0
configure:13685: result: yes
configure:13690: checking if g++ supports -c -o file.o
configure:13737: result: yes
configure:13767: checking whether the g++ linker (/usr/bin/ld) supports shared libraries
configure:13796: result: yes
configure:13933: checking dynamic linker characteristics
configure:14314: g++ -o conftest -g -O2   -Wl,-rpath -Wl,/foo conftest.cpp  >&5
configure:14314: $? = 0
configure:14544: result: GNU/Linux ld.so
configure:14595: checking how to hardcode library paths into programs
configure:14620: result: immediate
configure:14682: checking for doxygen
configure:14698: found /usr/bin/doxygen
configure:14710: result: true
configure:14735: checking for pthread_create in -lpthread
configure:14760: gcc -o conftest  -Wall -Werror   conftest.c -lpthread   >&5
configure:14760: $? = 0
configure:14769: result: yes
configure:14782: checking for library containing dlopen
configure:14813: gcc -o conftest  -Wall -Werror   conftest.c -lpthread  >&5
/tmp/ccQ3VC6U.o: In function `main':
conftest.c:(.text+0x7): undefined reference to `dlopen'
collect2: ld returned 1 exit status
configure:14813: $? = 1
configure: failed program was:
| /* confdefs.h */
| #define PACKAGE_NAME "OpenMAX Bellagio"
| #define PACKAGE_TARNAME "libomxil-bellagio"
| #define PACKAGE_VERSION "0.9.3"
| #define PACKAGE_STRING "OpenMAX Bellagio 0.9.3"
| #define PACKAGE_BUGREPORT "giulio.urlini@st.com"
| #define PACKAGE_URL ""
| #define PACKAGE "libomxil-bellagio"
| #define VERSION "0.9.3"
| #define STDC_HEADERS 1
| #define HAVE_SYS_TYPES_H 1
| #define HAVE_SYS_STAT_H 1
| #define HAVE_STDLIB_H 1
| #define HAVE_STRING_H 1
| #define HAVE_MEMORY_H 1
| #define HAVE_STRINGS_H 1
| #define HAVE_INTTYPES_H 1
| #define HAVE_STDINT_H 1
| #define HAVE_UNISTD_H 1
| #define HAVE_DLFCN_H 1
| #define LT_OBJDIR ".libs/"
| #define HAVE_LIBPTHREAD 1
| /* end confdefs.h.  */
| 
| /* Override any GCC internal prototype to avoid an error.
|    Use char because int might match the return type of a GCC
|    builtin and then its argument prototype would still apply.  */
| #ifdef __cplusplus
| extern "C"
| #endif
| char dlopen ();
| int
| main ()
| {
| return dlopen ();
|   ;
|   return 0;
| }
configure:14813: gcc -o conftest  -Wall -Werror   conftest.c -ldl  -lpthread  >&5
configure:14813: $? = 0
configure:14830: result: -ldl
configure:14885: Using /usr/local/lib/bellagio as the components install location
configure:14932: checking fcntl.h usability
configure:14932: gcc -c  -Wall -Werror -DCONFIG_DEBUG_LEVEL=0  conftest.c >&5
configure:14932: $? = 0
configure:14932: result: yes
configure:14932: checking fcntl.h presence
configure:14932: gcc -E  conftest.c
configure:14932: $? = 0
configure:14932: result: yes
configure:14932: checking for fcntl.h
configure:14932: result: yes
configure:14932: checking malloc.h usability
configure:14932: gcc -c  -Wall -Werror -DCONFIG_DEBUG_LEVEL=0  conftest.c >&5
configure:14932: $? = 0
configure:14932: result: yes
configure:14932: checking malloc.h presence
configure:14932: gcc -E  conftest.c
configure:14932: $? = 0
configure:14932: result: yes
configure:14932: checking for malloc.h
configure:14932: result: yes
configure:14932: checking netdb.h usability
configure:14932: gcc -c  -Wall -Werror -DCONFIG_DEBUG_LEVEL=0  conftest.c >&5
configure:14932: $? = 0
configure:14932: result: yes
configure:14932: checking netdb.h presence
configure:14932: gcc -E  conftest.c
configure:14932: $? = 0
configure:14932: result: yes
configure:14932: checking for netdb.h
configure:14932: result: yes
configure:14932: checking netinet/in.h usability
configure:14932: gcc -c  -Wall -Werror -DCONFIG_DEBUG_LEVEL=0  conftest.c >&5
configure:14932: $? = 0
configure:14932: result: yes
configure:14932: checking netinet/in.h presence
configure:14932: gcc -E  conftest.c
configure:14932: $? = 0
configure:14932: result: yes
configure:14932: checking for netinet/in.h
configure:14932: result: yes
configure:14932: checking for stdlib.h
configure:14932: result: yes
configure:14932: checking for string.h
configure:14932: result: yes
configure:14932: checking for strings.h
configure:14932: result: yes
configure:14932: checking sys/socket.h usability
configure:14932: gcc -c  -Wall -Werror -DCONFIG_DEBUG_LEVEL=0  conftest.c >&5
configure:14932: $? = 0
configure:14932: result: yes
configure:14932: checking sys/socket.h presence
configure:14932: gcc -E  conftest.c
configure:14932: $? = 0
configure:14932: result: yes
configure:14932: checking for sys/socket.h
configure:14932: result: yes
configure:14932: checking sys/time.h usability
configure:14932: gcc -c  -Wall -Werror -DCONFIG_DEBUG_LEVEL=0  conftest.c >&5
configure:14932: $? = 0
configure:14932: result: yes
configure:14932: checking sys/time.h presence
configure:14932: gcc -E  conftest.c
configure:14932: $? = 0
configure:14932: result: yes
configure:14932: checking for sys/time.h
configure:14932: result: yes
configure:14932: checking for unistd.h
configure:14932: result: yes
configure:14951: checking for size_t
configure:14951: gcc -c  -Wall -Werror -DCONFIG_DEBUG_LEVEL=0  conftest.c >&5
configure:14951: $? = 0
configure:14951: gcc -c  -Wall -Werror -DCONFIG_DEBUG_LEVEL=0  conftest.c >&5
conftest.c: In function 'main':
conftest.c:71:21: error: expected expression before ')' token
configure:14951: $? = 1
configure: failed program was:
| /* confdefs.h */
| #define PACKAGE_NAME "OpenMAX Bellagio"
| #define PACKAGE_TARNAME "libomxil-bellagio"
| #define PACKAGE_VERSION "0.9.3"
| #define PACKAGE_STRING "OpenMAX Bellagio 0.9.3"
| #define PACKAGE_BUGREPORT "giulio.urlini@st.com"
| #define PACKAGE_URL ""
| #define PACKAGE "libomxil-bellagio"
| #define VERSION "0.9.3"
| #define STDC_HEADERS 1
| #define HAVE_SYS_TYPES_H 1
| #define HAVE_SYS_STAT_H 1
| #define HAVE_STDLIB_H 1
| #define HAVE_STRING_H 1
| #define HAVE_MEMORY_H 1
| #define HAVE_STRINGS_H 1
| #define HAVE_INTTYPES_H 1
| #define HAVE_STDINT_H 1
| #define HAVE_UNISTD_H 1
| #define HAVE_DLFCN_H 1
| #define LT_OBJDIR ".libs/"
| #define HAVE_LIBPTHREAD 1
| #define PLUGINDIR "/usr/local/lib/bellagio"
| #define HAVE_FCNTL_H 1
| #define HAVE_MALLOC_H 1
| #define HAVE_NETDB_H 1
| #define HAVE_NETINET_IN_H 1
| #define HAVE_STDLIB_H 1
| #define HAVE_STRING_H 1
| #define HAVE_STRINGS_H 1
| #define HAVE_SYS_SOCKET_H 1
| #define HAVE_SYS_TIME_H 1
| #define HAVE_UNISTD_H 1
| /* end confdefs.h.  */
| #include <stdio.h>
| #ifdef HAVE_SYS_TYPES_H
| # include <sys/types.h>
| #endif
| #ifdef HAVE_SYS_STAT_H
| # include <sys/stat.h>
| #endif
| #ifdef STDC_HEADERS
| # include <stdlib.h>
| # include <stddef.h>
| #else
| # ifdef HAVE_STDLIB_H
| #  include <stdlib.h>
| # endif
| #endif
| #ifdef HAVE_STRING_H
| # if !defined STDC_HEADERS && defined HAVE_MEMORY_H
| #  include <memory.h>
| # endif
| # include <string.h>
| #endif
| #ifdef HAVE_STRINGS_H
| # include <strings.h>
| #endif
| #ifdef HAVE_INTTYPES_H
| # include <inttypes.h>
| #endif
| #ifdef HAVE_STDINT_H
| # include <stdint.h>
| #endif
| #ifdef HAVE_UNISTD_H
| # include <unistd.h>
| #endif
| int
| main ()
| {
| if (sizeof ((size_t)))
| 	    return 0;
|   ;
|   return 0;
| }
configure:14951: result: yes
configure:14981: checking for stdlib.h
configure:14981: result: yes
configure:14991: checking for GNU libc compatible malloc
configure:15015: gcc -o conftest  -Wall -Werror -DCONFIG_DEBUG_LEVEL=0   conftest.c -ldl -lpthread  >&5
configure:15015: $? = 0
configure:15015: ./conftest
configure:15015: $? = 0
configure:15025: result: yes
configure:15048: checking for stdlib.h
configure:15048: result: yes
configure:15058: checking for GNU libc compatible realloc
configure:15082: gcc -o conftest  -Wall -Werror -DCONFIG_DEBUG_LEVEL=0   conftest.c -ldl -lpthread  >&5
configure:15082: $? = 0
configure:15082: ./conftest
configure:15082: $? = 0
configure:15092: result: yes
configure:15116: checking for gethostbyname
configure:15116: gcc -o conftest  -Wall -Werror -DCONFIG_DEBUG_LEVEL=0   conftest.c -ldl -lpthread  >&5
configure:15116: $? = 0
configure:15116: result: yes
configure:15116: checking for gettimeofday
configure:15116: gcc -o conftest  -Wall -Werror -DCONFIG_DEBUG_LEVEL=0   conftest.c -ldl -lpthread  >&5
configure:15116: $? = 0
configure:15116: result: yes
configure:15116: checking for memset
configure:15116: gcc -o conftest  -Wall -Werror -DCONFIG_DEBUG_LEVEL=0   conftest.c -ldl -lpthread  >&5
cc1: warnings being treated as errors
conftest.c:64:6: error: conflicting types for built-in function 'memset'
configure:15116: $? = 1
configure: failed program was:
| /* confdefs.h */
| #define PACKAGE_NAME "OpenMAX Bellagio"
| #define PACKAGE_TARNAME "libomxil-bellagio"
| #define PACKAGE_VERSION "0.9.3"
| #define PACKAGE_STRING "OpenMAX Bellagio 0.9.3"
| #define PACKAGE_BUGREPORT "giulio.urlini@st.com"
| #define PACKAGE_URL ""
| #define PACKAGE "libomxil-bellagio"
| #define VERSION "0.9.3"
| #define STDC_HEADERS 1
| #define HAVE_SYS_TYPES_H 1
| #define HAVE_SYS_STAT_H 1
| #define HAVE_STDLIB_H 1
| #define HAVE_STRING_H 1
| #define HAVE_MEMORY_H 1
| #define HAVE_STRINGS_H 1
| #define HAVE_INTTYPES_H 1
| #define HAVE_STDINT_H 1
| #define HAVE_UNISTD_H 1
| #define HAVE_DLFCN_H 1
| #define LT_OBJDIR ".libs/"
| #define HAVE_LIBPTHREAD 1
| #define PLUGINDIR "/usr/local/lib/bellagio"
| #define HAVE_FCNTL_H 1
| #define HAVE_MALLOC_H 1
| #define HAVE_NETDB_H 1
| #define HAVE_NETINET_IN_H 1
| #define HAVE_STDLIB_H 1
| #define HAVE_STRING_H 1
| #define HAVE_STRINGS_H 1
| #define HAVE_SYS_SOCKET_H 1
| #define HAVE_SYS_TIME_H 1
| #define HAVE_UNISTD_H 1
| #define HAVE_STDLIB_H 1
| #define HAVE_MALLOC 1
| #define HAVE_STDLIB_H 1
| #define HAVE_REALLOC 1
| #define HAVE_GETHOSTBYNAME 1
| #define HAVE_GETTIMEOFDAY 1
| /* end confdefs.h.  */
| /* Define memset to an innocuous variant, in case <limits.h> declares memset.
|    For example, HP-UX 11i <limits.h> declares gettimeofday.  */
| #define memset innocuous_memset
| 
| /* System header to define __stub macros and hopefully few prototypes,
|     which can conflict with char memset (); below.
|     Prefer <limits.h> to <assert.h> if __STDC__ is defined, since
|     <limits.h> exists even on freestanding compilers.  */
| 
| #ifdef __STDC__
| # include <limits.h>
| #else
| # include <assert.h>
| #endif
| 
| #undef memset
| 
| /* Override any GCC internal prototype to avoid an error.
|    Use char because int might match the return type of a GCC
|    builtin and then its argument prototype would still apply.  */
| #ifdef __cplusplus
| extern "C"
| #endif
| char memset ();
| /* The GNU C library defines this for functions which it implements
|     to always fail with ENOSYS.  Some functions are actually named
|     something starting with __ and the normal name is an alias.  */
| #if defined __stub_memset || defined __stub___memset
| choke me
| #endif
| 
| int
| main ()
| {
| return memset ();
|   ;
|   return 0;
| }
configure:15116: result: no
configure:15116: checking for mkdir
configure:15116: gcc -o conftest  -Wall -Werror -DCONFIG_DEBUG_LEVEL=0   conftest.c -ldl -lpthread  >&5
configure:15116: $? = 0
configure:15116: result: yes
configure:15116: checking for socket
configure:15116: gcc -o conftest  -Wall -Werror -DCONFIG_DEBUG_LEVEL=0   conftest.c -ldl -lpthread  >&5
configure:15116: $? = 0
configure:15116: result: yes
configure:15116: checking for strdup
configure:15116: gcc -o conftest  -Wall -Werror -DCONFIG_DEBUG_LEVEL=0   conftest.c -ldl -lpthread  >&5
cc1: warnings being treated as errors
conftest.c:66:6: error: conflicting types for built-in function 'strdup'
configure:15116: $? = 1
configure: failed program was:
| /* confdefs.h */
| #define PACKAGE_NAME "OpenMAX Bellagio"
| #define PACKAGE_TARNAME "libomxil-bellagio"
| #define PACKAGE_VERSION "0.9.3"
| #define PACKAGE_STRING "OpenMAX Bellagio 0.9.3"
| #define PACKAGE_BUGREPORT "giulio.urlini@st.com"
| #define PACKAGE_URL ""
| #define PACKAGE "libomxil-bellagio"
| #define VERSION "0.9.3"
| #define STDC_HEADERS 1
| #define HAVE_SYS_TYPES_H 1
| #define HAVE_SYS_STAT_H 1
| #define HAVE_STDLIB_H 1
| #define HAVE_STRING_H 1
| #define HAVE_MEMORY_H 1
| #define HAVE_STRINGS_H 1
| #define HAVE_INTTYPES_H 1
| #define HAVE_STDINT_H 1
| #define HAVE_UNISTD_H 1
| #define HAVE_DLFCN_H 1
| #define LT_OBJDIR ".libs/"
| #define HAVE_LIBPTHREAD 1
| #define PLUGINDIR "/usr/local/lib/bellagio"
| #define HAVE_FCNTL_H 1
| #define HAVE_MALLOC_H 1
| #define HAVE_NETDB_H 1
| #define HAVE_NETINET_IN_H 1
| #define HAVE_STDLIB_H 1
| #define HAVE_STRING_H 1
| #define HAVE_STRINGS_H 1
| #define HAVE_SYS_SOCKET_H 1
| #define HAVE_SYS_TIME_H 1
| #define HAVE_UNISTD_H 1
| #define HAVE_STDLIB_H 1
| #define HAVE_MALLOC 1
| #define HAVE_STDLIB_H 1
| #define HAVE_REALLOC 1
| #define HAVE_GETHOSTBYNAME 1
| #define HAVE_GETTIMEOFDAY 1
| #define HAVE_MKDIR 1
| #define HAVE_SOCKET 1
| /* end confdefs.h.  */
| /* Define strdup to an innocuous variant, in case <limits.h> declares strdup.
|    For example, HP-UX 11i <limits.h> declares gettimeofday.  */
| #define strdup innocuous_strdup
| 
| /* System header to define __stub macros and hopefully few prototypes,
|     which can conflict with char strdup (); below.
|     Prefer <limits.h> to <assert.h> if __STDC__ is defined, since
|     <limits.h> exists even on freestanding compilers.  */
| 
| #ifdef __STDC__
| # include <limits.h>
| #else
| # include <assert.h>
| #endif
| 
| #undef strdup
| 
| /* Override any GCC internal prototype to avoid an error.
|    Use char because int might match the return type of a GCC
|    builtin and then its argument prototype would still apply.  */
| #ifdef __cplusplus
| extern "C"
| #endif
| char strdup ();
| /* The GNU C library defines this for functions which it implements
|     to always fail with ENOSYS.  Some functions are actually named
|     something starting with __ and the normal name is an alias.  */
| #if defined __stub_strdup || defined __stub___strdup
| choke me
| #endif
| 
| int
| main ()
| {
| return strdup ();
|   ;
|   return 0;
| }
configure:15116: result: no
configure:15116: checking for strerror
configure:15116: gcc -o conftest  -Wall -Werror -DCONFIG_DEBUG_LEVEL=0   conftest.c -ldl -lpthread  >&5
configure:15116: $? = 0
configure:15116: result: yes
configure:15116: checking for strndup
configure:15116: gcc -o conftest  -Wall -Werror -DCONFIG_DEBUG_LEVEL=0   conftest.c -ldl -lpthread  >&5
cc1: warnings being treated as errors
conftest.c:67:6: error: conflicting types for built-in function 'strndup'
configure:15116: $? = 1
configure: failed program was:
| /* confdefs.h */
| #define PACKAGE_NAME "OpenMAX Bellagio"
| #define PACKAGE_TARNAME "libomxil-bellagio"
| #define PACKAGE_VERSION "0.9.3"
| #define PACKAGE_STRING "OpenMAX Bellagio 0.9.3"
| #define PACKAGE_BUGREPORT "giulio.urlini@st.com"
| #define PACKAGE_URL ""
| #define PACKAGE "libomxil-bellagio"
| #define VERSION "0.9.3"
| #define STDC_HEADERS 1
| #define HAVE_SYS_TYPES_H 1
| #define HAVE_SYS_STAT_H 1
| #define HAVE_STDLIB_H 1
| #define HAVE_STRING_H 1
| #define HAVE_MEMORY_H 1
| #define HAVE_STRINGS_H 1
| #define HAVE_INTTYPES_H 1
| #define HAVE_STDINT_H 1
| #define HAVE_UNISTD_H 1
| #define HAVE_DLFCN_H 1
| #define LT_OBJDIR ".libs/"
| #define HAVE_LIBPTHREAD 1
| #define PLUGINDIR "/usr/local/lib/bellagio"
| #define HAVE_FCNTL_H 1
| #define HAVE_MALLOC_H 1
| #define HAVE_NETDB_H 1
| #define HAVE_NETINET_IN_H 1
| #define HAVE_STDLIB_H 1
| #define HAVE_STRING_H 1
| #define HAVE_STRINGS_H 1
| #define HAVE_SYS_SOCKET_H 1
| #define HAVE_SYS_TIME_H 1
| #define HAVE_UNISTD_H 1
| #define HAVE_STDLIB_H 1
| #define HAVE_MALLOC 1
| #define HAVE_STDLIB_H 1
| #define HAVE_REALLOC 1
| #define HAVE_GETHOSTBYNAME 1
| #define HAVE_GETTIMEOFDAY 1
| #define HAVE_MKDIR 1
| #define HAVE_SOCKET 1
| #define HAVE_STRERROR 1
| /* end confdefs.h.  */
| /* Define strndup to an innocuous variant, in case <limits.h> declares strndup.
|    For example, HP-UX 11i <limits.h> declares gettimeofday.  */
| #define strndup innocuous_strndup
| 
| /* System header to define __stub macros and hopefully few prototypes,
|     which can conflict with char strndup (); below.
|     Prefer <limits.h> to <assert.h> if __STDC__ is defined, since
|     <limits.h> exists even on freestanding compilers.  */
| 
| #ifdef __STDC__
| # include <limits.h>
| #else
| # include <assert.h>
| #endif
| 
| #undef strndup
| 
| /* Override any GCC internal prototype to avoid an error.
|    Use char because int might match the return type of a GCC
|    builtin and then its argument prototype would still apply.  */
| #ifdef __cplusplus
| extern "C"
| #endif
| char strndup ();
| /* The GNU C library defines this for functions which it implements
|     to always fail with ENOSYS.  Some functions are actually named
|     something starting with __ and the normal name is an alias.  */
| #if defined __stub_strndup || defined __stub___strndup
| choke me
| #endif
| 
| int
| main ()
| {
| return strndup ();
|   ;
|   return 0;
| }
configure:15116: result: no
configure:15116: checking for strrchr
configure:15116: gcc -o conftest  -Wall -Werror -DCONFIG_DEBUG_LEVEL=0   conftest.c -ldl -lpthread  >&5
cc1: warnings being treated as errors
conftest.c:67:6: error: conflicting types for built-in function 'strrchr'
configure:15116: $? = 1
configure: failed program was:
| /* confdefs.h */
| #define PACKAGE_NAME "OpenMAX Bellagio"
| #define PACKAGE_TARNAME "libomxil-bellagio"
| #define PACKAGE_VERSION "0.9.3"
| #define PACKAGE_STRING "OpenMAX Bellagio 0.9.3"
| #define PACKAGE_BUGREPORT "giulio.urlini@st.com"
| #define PACKAGE_URL ""
| #define PACKAGE "libomxil-bellagio"
| #define VERSION "0.9.3"
| #define STDC_HEADERS 1
| #define HAVE_SYS_TYPES_H 1
| #define HAVE_SYS_STAT_H 1
| #define HAVE_STDLIB_H 1
| #define HAVE_STRING_H 1
| #define HAVE_MEMORY_H 1
| #define HAVE_STRINGS_H 1
| #define HAVE_INTTYPES_H 1
| #define HAVE_STDINT_H 1
| #define HAVE_UNISTD_H 1
| #define HAVE_DLFCN_H 1
| #define LT_OBJDIR ".libs/"
| #define HAVE_LIBPTHREAD 1
| #define PLUGINDIR "/usr/local/lib/bellagio"
| #define HAVE_FCNTL_H 1
| #define HAVE_MALLOC_H 1
| #define HAVE_NETDB_H 1
| #define HAVE_NETINET_IN_H 1
| #define HAVE_STDLIB_H 1
| #define HAVE_STRING_H 1
| #define HAVE_STRINGS_H 1
| #define HAVE_SYS_SOCKET_H 1
| #define HAVE_SYS_TIME_H 1
| #define HAVE_UNISTD_H 1
| #define HAVE_STDLIB_H 1
| #define HAVE_MALLOC 1
| #define HAVE_STDLIB_H 1
| #define HAVE_REALLOC 1
| #define HAVE_GETHOSTBYNAME 1
| #define HAVE_GETTIMEOFDAY 1
| #define HAVE_MKDIR 1
| #define HAVE_SOCKET 1
| #define HAVE_STRERROR 1
| /* end confdefs.h.  */
| /* Define strrchr to an innocuous variant, in case <limits.h> declares strrchr.
|    For example, HP-UX 11i <limits.h> declares gettimeofday.  */
| #define strrchr innocuous_strrchr
| 
| /* System header to define __stub macros and hopefully few prototypes,
|     which can conflict with char strrchr (); below.
|     Prefer <limits.h> to <assert.h> if __STDC__ is defined, since
|     <limits.h> exists even on freestanding compilers.  */
| 
| #ifdef __STDC__
| # include <limits.h>
| #else
| # include <assert.h>
| #endif
| 
| #undef strrchr
| 
| /* Override any GCC internal prototype to avoid an error.
|    Use char because int might match the return type of a GCC
|    builtin and then its argument prototype would still apply.  */
| #ifdef __cplusplus
| extern "C"
| #endif
| char strrchr ();
| /* The GNU C library defines this for functions which it implements
|     to always fail with ENOSYS.  Some functions are actually named
|     something starting with __ and the normal name is an alias.  */
| #if defined __stub_strrchr || defined __stub___strrchr
| choke me
| #endif
| 
| int
| main ()
| {
| return strrchr ();
|   ;
|   return 0;
| }
configure:15116: result: no
configure:15314: creating ./config.status

## ---------------- ##
## Cache variables. ##
## ---------------- ##

ac_cv_build=i686-pc-linux-gnu
ac_cv_c_compiler_gnu=yes
ac_cv_cxx_compiler_gnu=yes
ac_cv_env_CCC_set=
ac_cv_env_CCC_value=
ac_cv_env_CC_set=
ac_cv_env_CC_value=
ac_cv_env_CFLAGS_set=
ac_cv_env_CFLAGS_value=
ac_cv_env_CPPFLAGS_set=
ac_cv_env_CPPFLAGS_value=
ac_cv_env_CPP_set=
ac_cv_env_CPP_value=
ac_cv_env_CXXCPP_set=
ac_cv_env_CXXCPP_value=
ac_cv_env_CXXFLAGS_set=
ac_cv_env_CXXFLAGS_value=
ac_cv_env_CXX_set=
ac_cv_env_CXX_value=
ac_cv_env_LDFLAGS_set=
ac_cv_env_LDFLAGS_value=
ac_cv_env_LIBS_set=
ac_cv_env_LIBS_value=
ac_cv_env_build_alias_set=
ac_cv_env_build_alias_value=
ac_cv_env_host_alias_set=
ac_cv_env_host_alias_value=
ac_cv_env_target_alias_set=
ac_cv_env_target_alias_value=
ac_cv_func_gethostbyname=yes
ac_cv_func_gettimeofday=yes
ac_cv_func_malloc_0_nonnull=yes
ac_cv_func_memset=no
ac_cv_func_mkdir=yes
ac_cv_func_realloc_0_nonnull=yes
ac_cv_func_socket=yes
ac_cv_func_strdup=no
ac_cv_func_strerror=yes
ac_cv_func_strndup=no
ac_cv_func_strrchr=no
ac_cv_header_dlfcn_h=yes
ac_cv_header_fcntl_h=yes
ac_cv_header_inttypes_h=yes
ac_cv_header_malloc_h=yes
ac_cv_header_memory_h=yes
ac_cv_header_netdb_h=yes
ac_cv_header_netinet_in_h=yes
ac_cv_header_stdc=yes
ac_cv_header_stdint_h=yes
ac_cv_header_stdlib_h=yes
ac_cv_header_string_h=yes
ac_cv_header_strings_h=yes
ac_cv_header_sys_socket_h=yes
ac_cv_header_sys_stat_h=yes
ac_cv_header_sys_time_h=yes
ac_cv_header_sys_types_h=yes
ac_cv_header_unistd_h=yes
ac_cv_host=i686-pc-linux-gnu
ac_cv_lib_pthread_pthread_create=yes
ac_cv_objext=o
ac_cv_path_EGREP='/bin/grep -E'
ac_cv_path_FGREP='/bin/grep -F'
ac_cv_path_GREP=/bin/grep
ac_cv_path_SED=/bin/sed
ac_cv_path_install='/usr/bin/install -c'
ac_cv_path_mkdir=/bin/mkdir
ac_cv_prog_AWK=gawk
ac_cv_prog_CPP='gcc -E'
ac_cv_prog_CXXCPP='g++ -E'
ac_cv_prog_HAVE_DOXYGEN=true
ac_cv_prog_ac_ct_AR=ar
ac_cv_prog_ac_ct_CC=gcc
ac_cv_prog_ac_ct_CXX=g++
ac_cv_prog_ac_ct_OBJDUMP=objdump
ac_cv_prog_ac_ct_RANLIB=ranlib
ac_cv_prog_ac_ct_STRIP=strip
ac_cv_prog_cc_c89=
ac_cv_prog_cc_g=yes
ac_cv_prog_cc_gcc_c_o=yes
ac_cv_prog_cxx_g=yes
ac_cv_prog_make_make_set=yes
ac_cv_search_dlopen=-ldl
ac_cv_type_size_t=yes
am_cv_CC_dependencies_compiler_type=gcc3
am_cv_CXX_dependencies_compiler_type=gcc3
lt_cv_deplibs_check_method=pass_all
lt_cv_file_magic_cmd='$MAGIC_CMD'
lt_cv_file_magic_test_file=
lt_cv_ld_reload_flag=-r
lt_cv_nm_interface='BSD nm'
lt_cv_objdir=.libs
lt_cv_path_LD=/usr/bin/ld
lt_cv_path_LDCXX=/usr/bin/ld
lt_cv_path_NM='/usr/bin/nm -B'
lt_cv_prog_compiler_c_o=yes
lt_cv_prog_compiler_c_o_CXX=yes
lt_cv_prog_compiler_pic_works=yes
lt_cv_prog_compiler_pic_works_CXX=yes
lt_cv_prog_compiler_rtti_exceptions=no
lt_cv_prog_compiler_static_works=yes
lt_cv_prog_compiler_static_works_CXX=yes
lt_cv_prog_gnu_ld=yes
lt_cv_prog_gnu_ldcxx=yes
lt_cv_sys_global_symbol_pipe='sed -n -e '\''s/^.*[	 ]\([ABCDGIRSTW][ABCDGIRSTW]*\)[	 ][	 ]*\([_A-Za-z][_A-Za-z0-9]*\)$/\1 \2 \2/p'\'''
lt_cv_sys_global_symbol_to_c_name_address='sed -n -e '\''s/^: \([^ ]*\) $/  {\"\1\", (void *) 0},/p'\'' -e '\''s/^[ABCDGIRSTW]* \([^ ]*\) \([^ ]*\)$/  {"\2", (void *) \&\2},/p'\'''
lt_cv_sys_global_symbol_to_c_name_address_lib_prefix='sed -n -e '\''s/^: \([^ ]*\) $/  {\"\1\", (void *) 0},/p'\'' -e '\''s/^[ABCDGIRSTW]* \([^ ]*\) \(lib[^ ]*\)$/  {"\2", (void *) \&\2},/p'\'' -e '\''s/^[ABCDGIRSTW]* \([^ ]*\) \([^ ]*\)$/  {"lib\2", (void *) \&\2},/p'\'''
lt_cv_sys_global_symbol_to_cdecl='sed -n -e '\''s/^T .* \(.*\)$/extern int \1();/p'\'' -e '\''s/^[ABCDGIRSTW]* .* \(.*\)$/extern char \1;/p'\'''
lt_cv_sys_max_cmd_len=1572864

## ----------------- ##
## Output variables. ##
## ----------------- ##

ACLOCAL='${SHELL} /component_my/android_media_local/libs/aud-dec/omx/libomxil-bellagio-0.9.3/missing --run aclocal-1.11'
AMDEPBACKSLASH='\'
AMDEP_FALSE='#'
AMDEP_TRUE=''
AMTAR='${SHELL} /component_my/android_media_local/libs/aud-dec/omx/libomxil-bellagio-0.9.3/missing --run tar'
AR='ar'
AUTOCONF='${SHELL} /component_my/android_media_local/libs/aud-dec/omx/libomxil-bellagio-0.9.3/missing --run autoconf'
AUTOHEADER='${SHELL} /component_my/android_media_local/libs/aud-dec/omx/libomxil-bellagio-0.9.3/missing --run autoheader'
AUTOMAKE='${SHELL} /component_my/android_media_local/libs/aud-dec/omx/libomxil-bellagio-0.9.3/missing --run automake-1.11'
AWK='gawk'
CC='gcc'
CCDEPMODE='depmode=gcc3'
CFG_DEBUG_LEVEL='0'
CFLAGS=' -Wall -Werror -DCONFIG_DEBUG_LEVEL=0'
CPP='gcc -E'
CPPFLAGS=''
CXX='g++'
CXXCPP='g++ -E'
CXXDEPMODE='depmode=gcc3'
CXXFLAGS='-g -O2'
CYGPATH_W='echo'
DEFS='-DHAVE_CONFIG_H'
DEPDIR='.deps'
DSYMUTIL=''
DUMPBIN=''
ECHO_C=''
ECHO_N='-n'
ECHO_T=''
EGREP='/bin/grep -E'
EXEEXT=''
FGREP='/bin/grep -F'
GREP='/bin/grep'
HAVE_DOXYGEN='true'
HAVE_DOXYGEN_FALSE='#'
HAVE_DOXYGEN_TRUE=''
INSTALL_DATA='${INSTALL} -m 644'
INSTALL_PROGRAM='${INSTALL}'
INSTALL_SCRIPT='${INSTALL}'
INSTALL_STRIP_PROGRAM='$(install_sh) -c -s'
LD='/usr/bin/ld'
LDFLAGS=''
LIBOBJS=''
LIBS='-ldl -lpthread '
LIBTOOL='$(SHELL) $(top_builddir)/libtool'
LIPO=''
LN_S='ln -s'
LTLIBOBJS=''
MAKEINFO='${SHELL} /component_my/android_media_local/libs/aud-dec/omx/libomxil-bellagio-0.9.3/missing --run makeinfo'
MKDIR_P='/bin/mkdir -p'
NM='/usr/bin/nm -B'
NMEDIT=''
OBJDUMP='objdump'
OBJEXT='o'
OTOOL64=''
OTOOL=''
PACKAGE='libomxil-bellagio'
PACKAGE_BUGREPORT='giulio.urlini@st.com'
PACKAGE_NAME='OpenMAX Bellagio'
PACKAGE_STRING='OpenMAX Bellagio 0.9.3'
PACKAGE_TARNAME='libomxil-bellagio'
PACKAGE_URL=''
PACKAGE_VERSION='0.9.3'
PATH_SEPARATOR=':'
PLUGINDIR='/usr/local/lib/bellagio'
PLUGIN_LDFLAGS='-module -avoid-version -no-undefined -as-needed'
RANLIB='ranlib'
SED='/bin/sed'
SET_MAKE=''
SHARED_VERSION_INFO='0:0:0'
SHELL='/bin/sh'
STRIP='strip'
VERSION='0.9.3'
WITH_AUDIOEFFECTS_FALSE='#'
WITH_AUDIOEFFECTS_TRUE=''
WITH_CLOCKSRC_FALSE='#'
WITH_CLOCKSRC_TRUE=''
WITH_VIDEOSCHEDULER_FALSE='#'
WITH_VIDEOSCHEDULER_TRUE=''
ac_ct_CC='gcc'
ac_ct_CXX='g++'
ac_ct_DUMPBIN=''
am__EXEEXT_FALSE=''
am__EXEEXT_TRUE='#'
am__fastdepCC_FALSE='#'
am__fastdepCC_TRUE=''
am__fastdepCXX_FALSE='#'
am__fastdepCXX_TRUE=''
am__include='include'
am__isrc=''
am__leading_dot='.'
am__quote=''
am__tar='${AMTAR} chof - "$$tardir"'
am__untar='${AMTAR} xf -'
bindir='${exec_prefix}/bin'
build='i686-pc-linux-gnu'
build_alias=''
build_cpu='i686'
build_os='linux-gnu'
build_vendor='pc'
datadir='${datarootdir}'
datarootdir='${prefix}/share'
docdir='${datarootdir}/doc/${PACKAGE_TARNAME}'
dvidir='${docdir}'
exec_prefix='${prefix}'
host='i686-pc-linux-gnu'
host_alias=''
host_cpu='i686'
host_os='linux-gnu'
host_vendor='pc'
htmldir='${docdir}'
includedir='${prefix}/include'
infodir='${datarootdir}/info'
install_sh='${SHELL} /component_my/android_media_local/libs/aud-dec/omx/libomxil-bellagio-0.9.3/install-sh'
libdir='${exec_prefix}/lib'
libexecdir='${exec_prefix}/libexec'
localedir='${datarootdir}/locale'
localstatedir='${prefix}/var'
lt_ECHO='echo'
mandir='${datarootdir}/man'
mkdir_p='/bin/mkdir -p'
oldincludedir='/usr/include'
pdfdir='${docdir}'
plugindir='${libdir}/bellagio'
prefix='/usr/local'
program_transform_name='s,x,x,'
psdir='${docdir}'
sbindir='${exec_prefix}/sbin'
sharedstatedir='${prefix}/com'
sysconfdir='${prefix}/etc'
target_alias=''

## ----------- ##
## confdefs.h. ##
## ----------- ##

/* confdefs.h */
#define PACKAGE_NAME "OpenMAX Bellagio"
#define PACKAGE_TARNAME "libomxil-bellagio"
#define PACKAGE_VERSION "0.9.3"
#define PACKAGE_STRING "OpenMAX Bellagio 0.9.3"
#define PACKAGE_BUGREPORT "giulio.urlini@st.com"
#define PACKAGE_URL ""
#define PACKAGE "libomxil-bellagio"
#define VERSION "0.9.3"
#define STDC_HEADERS 1
#define HAVE_SYS_TYPES_H 1
#define HAVE_SYS_STAT_H 1
#define HAVE_STDLIB_H 1
#define HAVE_STRING_H 1
#define HAVE_MEMORY_H 1
#define HAVE_STRINGS_H 1
#define HAVE_INTTYPES_H 1
#define HAVE_STDINT_H 1
#define HAVE_UNISTD_H 1
#define HAVE_DLFCN_H 1
#define LT_OBJDIR ".libs/"
#define HAVE_LIBPTHREAD 1
#define PLUGINDIR "/usr/local/lib/bellagio"
#define HAVE_FCNTL_H 1
#define HAVE_MALLOC_H 1
#define HAVE_NETDB_H 1
#define HAVE_NETINET_IN_H 1
#define HAVE_STDLIB_H 1
#define HAVE_STRING_H 1
#define HAVE_STRINGS_H 1
#define HAVE_SYS_SOCKET_H 1
#define HAVE_SYS_TIME_H 1
#define HAVE_UNISTD_H 1
#define HAVE_STDLIB_H 1
#define HAVE_MALLOC 1
#define HAVE_STDLIB_H 1
#define HAVE_REALLOC 1
#define HAVE_GETHOSTBYNAME 1
#define HAVE_GETTIMEOFDAY 1
#define HAVE_MKDIR 1
#define HAVE_SOCKET 1
#define HAVE_STRERROR 1

configure: exit 0

## ---------------------- ##
## Running config.status. ##
## ---------------------- ##

This file was extended by OpenMAX Bellagio config.status 0.9.3, which was
generated by GNU Autoconf 2.68.  Invocation command line was

  CONFIG_FILES    = 
  CONFIG_HEADERS  = 
  CONFIG_LINKS    = 
  CONFIG_COMMANDS = 
  $ ./config.status 

on ubuntu

config.status:1189: creating Makefile
config.status:1189: creating libomxil-bellagio.pc
config.status:1189: creating libomxil-bellagio.spec
config.status:1189: creating doc/Doxyfile
config.status:1189: creating doc/footer_SF.html
config.status:1189: creating doc/omxregister-bellagio.1
config.status:1189: creating doc/Makefile
config.status:1189: creating include/Makefile
config.status:1189: creating src/Makefile
config.status:1189: creating src/base/Makefile
config.status:1189: creating src/core_extensions/Makefile
config.status:1189: creating src/components/Makefile
config.status:1189: creating src/components/audio_effects/Makefile
config.status:1189: creating src/components/clocksrc/Makefile
config.status:1189: creating src/components/videoscheduler/Makefile
config.status:1189: creating src/dynamic_loader/Makefile
config.status:1189: creating m4/Makefile
config.status:1189: creating test/Makefile
config.status:1189: creating test/components/Makefile
config.status:1189: creating test/components/common/Makefile
config.status:1189: creating test/components/audio_effects/Makefile
config.status:1189: creating test/components/resource_manager/Makefile
config.status:1189: creating config.h
config.status:1370: config.h is unchanged
config.status:1418: executing depfiles commands
config.status:1418: executing libtool commands

## ---------------------- ##
## Running config.status. ##
## ---------------------- ##

This file was extended by OpenMAX Bellagio config.status 0.9.3, which was
generated by GNU Autoconf 2.68.  Invocation command line was

  CONFIG_FILES    = 
  CONFIG_HEADERS  = 
  CONFIG_LINKS    = 
  CONFIG_COMMANDS = 
  $ ./config.status config.h

on ubuntu

config.status:1189: creating config.h
config.status:1370: config.h is unchanged
